1722107702.888829 client started (16510): version 3.2a, socket /tmp/tmux-1000/default, protocol 8
1722107702.888874 on Linux 6.5.0-45-generic #45~22.04.1-Ubuntu SMP PREEMPT_DYNAMIC Mon Jul 15 16:40:02 UTC 2
1722107702.888884 using libevent 2.1.12-stable (poll); ncurses 6.3
1722107702.888908 flags are 0x10010000
1722107702.888917 socket is /tmp/tmux-1000/default
1722107702.888939 trying connect
1722107702.888986 add peer 0x6293b5eb3ac0: 6 ((nil))
1722107702.889138 sending message 100 to peer 0x6293b5eb3ac0 (4 bytes)
1722107702.889144 sending message 111 to peer 0x6293b5eb3ac0 (8 bytes)
1722107702.889148 sending message 101 to peer 0x6293b5eb3ac0 (16 bytes)
1722107702.889151 sending message 109 to peer 0x6293b5eb3ac0 (4 bytes)
1722107702.889154 sending message 102 to peer 0x6293b5eb3ac0 (11 bytes)
1722107702.889157 sending message 108 to peer 0x6293b5eb3ac0 (25 bytes)
1722107702.889160 sending message 112 to peer 0x6293b5eb3ac0 (70 bytes)
1722107702.889164 sending message 112 to peer 0x6293b5eb3ac0 (5 bytes)
1722107702.889167 sending message 112 to peer 0x6293b5eb3ac0 (5 bytes)
1722107702.889170 sending message 112 to peer 0x6293b5eb3ac0 (6 bytes)
1722107702.889174 sending message 112 to peer 0x6293b5eb3ac0 (6 bytes)
1722107702.889177 sending message 112 to peer 0x6293b5eb3ac0 (11 bytes)
1722107702.889180 sending message 112 to peer 0x6293b5eb3ac0 (10 bytes)
1722107702.889183 sending message 112 to peer 0x6293b5eb3ac0 (13 bytes)
1722107702.889186 sending message 112 to peer 0x6293b5eb3ac0 (13 bytes)
1722107702.889190 sending message 112 to peer 0x6293b5eb3ac0 (18 bytes)
1722107702.889193 sending message 112 to peer 0x6293b5eb3ac0 (11 bytes)
1722107702.889196 sending message 112 to peer 0x6293b5eb3ac0 (21 bytes)
1722107702.889199 sending message 112 to peer 0x6293b5eb3ac0 (13 bytes)
1722107702.889203 sending message 112 to peer 0x6293b5eb3ac0 (7 bytes)
1722107702.889206 sending message 112 to peer 0x6293b5eb3ac0 (13 bytes)
1722107702.889209 sending message 112 to peer 0x6293b5eb3ac0 (7 bytes)
1722107702.889213 sending message 112 to peer 0x6293b5eb3ac0 (13 bytes)
1722107702.889216 sending message 112 to peer 0x6293b5eb3ac0 (9 bytes)
1722107702.889219 sending message 112 to peer 0x6293b5eb3ac0 (21 bytes)
1722107702.889222 sending message 112 to peer 0x6293b5eb3ac0 (13 bytes)
1722107702.889225 sending message 112 to peer 0x6293b5eb3ac0 (8 bytes)
1722107702.889228 sending message 112 to peer 0x6293b5eb3ac0 (12 bytes)
1722107702.889232 sending message 112 to peer 0x6293b5eb3ac0 (13 bytes)
1722107702.889235 sending message 112 to peer 0x6293b5eb3ac0 (9 bytes)
1722107702.889238 sending message 112 to peer 0x6293b5eb3ac0 (9 bytes)
1722107702.889241 sending message 112 to peer 0x6293b5eb3ac0 (12 bytes)
1722107702.889245 sending message 112 to peer 0x6293b5eb3ac0 (8 bytes)
1722107702.889248 sending message 112 to peer 0x6293b5eb3ac0 (7 bytes)
1722107702.889251 sending message 112 to peer 0x6293b5eb3ac0 (7 bytes)
1722107702.889254 sending message 112 to peer 0x6293b5eb3ac0 (9 bytes)
1722107702.889257 sending message 112 to peer 0x6293b5eb3ac0 (13 bytes)
1722107702.889261 sending message 112 to peer 0x6293b5eb3ac0 (9 bytes)
1722107702.889264 sending message 112 to peer 0x6293b5eb3ac0 (15 bytes)
1722107702.889267 sending message 112 to peer 0x6293b5eb3ac0 (13 bytes)
1722107702.889270 sending message 112 to peer 0x6293b5eb3ac0 (12 bytes)
1722107702.889273 sending message 112 to peer 0x6293b5eb3ac0 (8 bytes)
1722107702.889277 sending message 112 to peer 0x6293b5eb3ac0 (14 bytes)
1722107702.889280 sending message 112 to peer 0x6293b5eb3ac0 (9 bytes)
1722107702.889283 sending message 112 to peer 0x6293b5eb3ac0 (10 bytes)
1722107702.889286 sending message 112 to peer 0x6293b5eb3ac0 (10 bytes)
1722107702.889289 sending message 112 to peer 0x6293b5eb3ac0 (10 bytes)
1722107702.889293 sending message 112 to peer 0x6293b5eb3ac0 (10 bytes)
1722107702.889296 sending message 112 to peer 0x6293b5eb3ac0 (11 bytes)
1722107702.889299 sending message 112 to peer 0x6293b5eb3ac0 (10 bytes)
1722107702.889302 sending message 112 to peer 0x6293b5eb3ac0 (8 bytes)
1722107702.889311 sending message 112 to peer 0x6293b5eb3ac0 (11 bytes)
1722107702.889314 sending message 112 to peer 0x6293b5eb3ac0 (11 bytes)
1722107702.889318 sending message 112 to peer 0x6293b5eb3ac0 (11 bytes)
1722107702.889321 sending message 112 to peer 0x6293b5eb3ac0 (8 bytes)
1722107702.889324 sending message 112 to peer 0x6293b5eb3ac0 (8 bytes)
1722107702.889327 sending message 112 to peer 0x6293b5eb3ac0 (8 bytes)
1722107702.889330 sending message 112 to peer 0x6293b5eb3ac0 (10 bytes)
1722107702.889334 sending message 112 to peer 0x6293b5eb3ac0 (10 bytes)
1722107702.889337 sending message 112 to peer 0x6293b5eb3ac0 (10 bytes)
1722107702.889340 sending message 112 to peer 0x6293b5eb3ac0 (10 bytes)
1722107702.889343 sending message 112 to peer 0x6293b5eb3ac0 (10 bytes)
1722107702.889346 sending message 112 to peer 0x6293b5eb3ac0 (11 bytes)
1722107702.889350 sending message 112 to peer 0x6293b5eb3ac0 (11 bytes)
1722107702.889353 sending message 112 to peer 0x6293b5eb3ac0 (10 bytes)
1722107702.889356 sending message 112 to peer 0x6293b5eb3ac0 (9 bytes)
1722107702.889360 sending message 112 to peer 0x6293b5eb3ac0 (9 bytes)
1722107702.889363 sending message 112 to peer 0x6293b5eb3ac0 (12 bytes)
1722107702.889366 sending message 112 to peer 0x6293b5eb3ac0 (9 bytes)
1722107702.889369 sending message 112 to peer 0x6293b5eb3ac0 (6 bytes)
1722107702.889373 sending message 112 to peer 0x6293b5eb3ac0 (13 bytes)
1722107702.889376 sending message 112 to peer 0x6293b5eb3ac0 (8 bytes)
1722107702.889379 sending message 112 to peer 0x6293b5eb3ac0 (15 bytes)
1722107702.889382 sending message 112 to peer 0x6293b5eb3ac0 (13 bytes)
1722107702.889385 sending message 112 to peer 0x6293b5eb3ac0 (70 bytes)
1722107702.889389 sending message 112 to peer 0x6293b5eb3ac0 (69 bytes)
1722107702.889392 sending message 112 to peer 0x6293b5eb3ac0 (10 bytes)
1722107702.889395 sending message 112 to peer 0x6293b5eb3ac0 (8 bytes)
1722107702.889398 sending message 112 to peer 0x6293b5eb3ac0 (15 bytes)
1722107702.889402 sending message 112 to peer 0x6293b5eb3ac0 (13 bytes)
1722107702.889405 sending message 112 to peer 0x6293b5eb3ac0 (10 bytes)
1722107702.889408 sending message 112 to peer 0x6293b5eb3ac0 (10 bytes)
1722107702.889411 sending message 112 to peer 0x6293b5eb3ac0 (5 bytes)
1722107702.889414 sending message 112 to peer 0x6293b5eb3ac0 (15 bytes)
1722107702.889418 sending message 104 to peer 0x6293b5eb3ac0 (0 bytes)
1722107702.889422 sending message 110 to peer 0x6293b5eb3ac0 (0 bytes)
1722107702.889425 sending message 107 to peer 0x6293b5eb3ac0 (4 bytes)
1722107702.889428 sending message 105 to peer 0x6293b5eb3ac0 (16 bytes)
1722107702.889432 sending message 105 to peer 0x6293b5eb3ac0 (80 bytes)
1722107702.889435 sending message 105 to peer 0x6293b5eb3ac0 (19 bytes)
1722107702.889438 sending message 105 to peer 0x6293b5eb3ac0 (16 bytes)
1722107702.889441 sending message 105 to peer 0x6293b5eb3ac0 (20 bytes)
1722107702.889445 sending message 105 to peer 0x6293b5eb3ac0 (45 bytes)
1722107702.889448 sending message 105 to peer 0x6293b5eb3ac0 (33 bytes)
1722107702.889451 sending message 105 to peer 0x6293b5eb3ac0 (23 bytes)
1722107702.889454 sending message 105 to peer 0x6293b5eb3ac0 (26 bytes)
1722107702.889458 sending message 105 to peer 0x6293b5eb3ac0 (44 bytes)
1722107702.889461 sending message 105 to peer 0x6293b5eb3ac0 (19 bytes)
1722107702.889464 sending message 105 to peer 0x6293b5eb3ac0 (43 bytes)
1722107702.889467 sending message 105 to peer 0x6293b5eb3ac0 (7 bytes)
1722107702.889470 sending message 105 to peer 0x6293b5eb3ac0 (36 bytes)
1722107702.889474 sending message 105 to peer 0x6293b5eb3ac0 (54 bytes)
1722107702.889477 sending message 105 to peer 0x6293b5eb3ac0 (32 bytes)
1722107702.889480 sending message 105 to peer 0x6293b5eb3ac0 (41 bytes)
1722107702.889483 sending message 105 to peer 0x6293b5eb3ac0 (20 bytes)
1722107702.889487 sending message 105 to peer 0x6293b5eb3ac0 (23 bytes)
1722107702.889490 sending message 105 to peer 0x6293b5eb3ac0 (28 bytes)
1722107702.889493 sending message 105 to peer 0x6293b5eb3ac0 (29 bytes)
1722107702.889496 sending message 105 to peer 0x6293b5eb3ac0 (27 bytes)
1722107702.889503 sending message 105 to peer 0x6293b5eb3ac0 (14 bytes)
1722107702.889506 sending message 105 to peer 0x6293b5eb3ac0 (21 bytes)
1722107702.889509 sending message 105 to peer 0x6293b5eb3ac0 (36 bytes)
1722107702.889521 sending message 105 to peer 0x6293b5eb3ac0 (52 bytes)
1722107702.889525 sending message 105 to peer 0x6293b5eb3ac0 (22 bytes)
1722107702.889529 sending message 105 to peer 0x6293b5eb3ac0 (41 bytes)
1722107702.889532 sending message 105 to peer 0x6293b5eb3ac0 (13 bytes)
1722107702.889535 sending message 105 to peer 0x6293b5eb3ac0 (17 bytes)
1722107702.889538 sending message 105 to peer 0x6293b5eb3ac0 (15 bytes)
1722107702.889542 sending message 105 to peer 0x6293b5eb3ac0 (18 bytes)
1722107702.889545 sending message 105 to peer 0x6293b5eb3ac0 (17 bytes)
1722107702.889548 sending message 105 to peer 0x6293b5eb3ac0 (1519 bytes)
1722107702.889552 sending message 105 to peer 0x6293b5eb3ac0 (33 bytes)
1722107702.889555 sending message 105 to peer 0x6293b5eb3ac0 (17 bytes)
1722107702.889558 sending message 105 to peer 0x6293b5eb3ac0 (30 bytes)
1722107702.889561 sending message 105 to peer 0x6293b5eb3ac0 (86 bytes)
1722107702.889565 sending message 105 to peer 0x6293b5eb3ac0 (65 bytes)
1722107702.889568 sending message 105 to peer 0x6293b5eb3ac0 (25 bytes)
1722107702.889571 sending message 105 to peer 0x6293b5eb3ac0 (34 bytes)
1722107702.889574 sending message 105 to peer 0x6293b5eb3ac0 (23 bytes)
1722107702.889577 sending message 105 to peer 0x6293b5eb3ac0 (21 bytes)
1722107702.889581 sending message 105 to peer 0x6293b5eb3ac0 (11 bytes)
1722107702.889584 sending message 105 to peer 0x6293b5eb3ac0 (51 bytes)
1722107702.889587 sending message 105 to peer 0x6293b5eb3ac0 (47 bytes)
1722107702.889590 sending message 105 to peer 0x6293b5eb3ac0 (32 bytes)
1722107702.889594 sending message 105 to peer 0x6293b5eb3ac0 (11 bytes)
1722107702.889597 sending message 105 to peer 0x6293b5eb3ac0 (13 bytes)
1722107702.889600 sending message 105 to peer 0x6293b5eb3ac0 (30 bytes)
1722107702.889603 sending message 105 to peer 0x6293b5eb3ac0 (14 bytes)
1722107702.889606 sending message 105 to peer 0x6293b5eb3ac0 (43 bytes)
1722107702.889610 sending message 105 to peer 0x6293b5eb3ac0 (11 bytes)
1722107702.889613 sending message 105 to peer 0x6293b5eb3ac0 (8 bytes)
1722107702.889616 sending message 105 to peer 0x6293b5eb3ac0 (14 bytes)
1722107702.889619 sending message 105 to peer 0x6293b5eb3ac0 (18 bytes)
1722107702.889623 sending message 105 to peer 0x6293b5eb3ac0 (70 bytes)
1722107702.889626 sending message 105 to peer 0x6293b5eb3ac0 (51 bytes)
1722107702.889629 sending message 105 to peer 0x6293b5eb3ac0 (31 bytes)
1722107702.889632 sending message 105 to peer 0x6293b5eb3ac0 (23 bytes)
1722107702.889636 sending message 105 to peer 0x6293b5eb3ac0 (102 bytes)
1722107702.889639 sending message 105 to peer 0x6293b5eb3ac0 (56 bytes)
1722107702.889642 sending message 105 to peer 0x6293b5eb3ac0 (365 bytes)
1722107702.889645 sending message 105 to peer 0x6293b5eb3ac0 (18 bytes)
1722107702.889648 sending message 105 to peer 0x6293b5eb3ac0 (54 bytes)
1722107702.889652 sending message 105 to peer 0x6293b5eb3ac0 (18 bytes)
1722107702.889655 sending message 105 to peer 0x6293b5eb3ac0 (19 bytes)
1722107702.889658 sending message 105 to peer 0x6293b5eb3ac0 (16 bytes)
1722107702.889661 sending message 106 to peer 0x6293b5eb3ac0 (0 bytes)
1722107702.889665 sending message 200 to peer 0x6293b5eb3ac0 (4 bytes)
1722107702.889669 client loop enter
1722107702.889984 peer 0x6293b5eb3ac0 message 303
1722107702.889990 open write file 2 -
1722107702.889996 sending message 305 to peer 0x6293b5eb3ac0 (8 bytes)
1722107702.890005 write check file 2
1722107702.890093 peer 0x6293b5eb3ac0 message 304
1722107702.890097 write 58 to file 2
1722107702.890101 peer 0x6293b5eb3ac0 message 203
1722107702.890105 file 2 58 bytes left
1722107702.890114 write check file 2
1722107702.890117 client loop exit
